<?xml version="1.0" encoding="UTF-8"?>
<!-- Generated by org.testng.reporters.JUnitReportReporter -->
<testsuite hostname="DESKTOP-FGTOVGJ" failures="0" tests="1" name="tests.TestLogin" time="7.419" errors="0" timestamp="2024-02-09T16:18:46 IST" skipped="0">
  <testcase classname="tests.TestLogin" name="testLogin" time="7.419"/>
</testsuite> <!-- tests.TestLogin -->
