<?xml version="1.0" encoding="UTF-8"?>
<!-- Generated by org.testng.reporters.JUnitReportReporter -->
<testsuite hostname="DESKTOP-FGTOVGJ" failures="0" tests="1" name="tests.TestLogin" time="1.646" errors="0" timestamp="2024-02-10T18:37:23 IST" skipped="0">
  <testcase classname="tests.TestLogin" name="testLogin" time="1.646"/>
</testsuite> <!-- tests.TestLogin -->
